<?xml version="1.0" encoding="UTF-8"?>
<!-- Generated by org.testng.reporters.JUnitReportReporter -->
<testsuite skipped="0" hostname="TYSS-TR-0014" name="mavenProject.DemoTest" tests="1" failures="0" timestamp="02 Mar 2018 09:14:00 GMT" time="0.010" errors="0">
  <testcase name="testA" time="0.010" classname="mavenProject.DemoTest"/>
</testsuite> <!-- mavenProject.DemoTest -->
